  stdafx.cpp
  Step1.cpp
  Minion.cpp
  Farm.cpp
  Cow.cpp
  Chicken.cpp
  Animal.cpp
  Generating Code...
Animal.obj : error LNK2001: unresolved external symbol "public: virtual int __thiscall CAnimal::NumEyes(void)" (?NumEyes@CAnimal@@UAEHXZ)
D:\Documents\MSU\current\cse335\Step Assignments\Step1\Debug\Step1.exe : fatal error LNK1120: 1 unresolved externals
